EDA Netlist Writer report for weideng3
Fri Oct 30 21:46:17 2020
Quartus II Version 9.0 Build 132 02/25/2009 SJ Full Version


---------------------
; Table of Contents ;
---------------------
  1. Legal Notice
  2. EDA Netlist Writer Summary
  3. Simulation Settings
  4. Simulation Generated Files
  5. EDA Netlist Writer Messages



----------------
; Legal Notice ;
----------------
Copyright (C) 1991-2009 Altera Corporation
Your use of Altera Corporation's design tools, logic functions 
and other software and tools, and its AMPP partner logic 
functions, and any output files from any of the foregoing 
(including device programming or simulation files), and any 
associated documentation or information are expressly subject 
to the terms and conditions of the Altera Program License 
Subscription Agreement, Altera MegaCore Function License 
Agreement, or other applicable license agreement, including, 
without limitation, that your use is for the sole purpose of 
programming logic devices manufactured by Altera and sold by 
Altera or its authorized distributors.  Please refer to the 
applicable agreement for further details.



+-------------------------------------------------------------------+
; EDA Netlist Writer Summary                                        ;
+---------------------------+---------------------------------------+
; EDA Netlist Writer Status ; Successful - Fri Oct 30 21:46:17 2020 ;
; Revision Name             ; weideng3                              ;
; Top-level Entity Name     ; carlight                              ;
; Family                    ; Cyclone III                           ;
; Simulation Files Creation ; Successful                            ;
+---------------------------+---------------------------------------+


+----------------------------------------------------------------------------------------------------------------------------+
; Simulation Settings                                                                                                        ;
+---------------------------------------------------------------------------------------------------+------------------------+
; Option                                                                                            ; Setting                ;
+---------------------------------------------------------------------------------------------------+------------------------+
; Tool Name                                                                                         ; ModelSim-Altera (VHDL) ;
; Generate netlist for functional simulation only                                                   ; Off                    ;
; Time scale                                                                                        ; 1 ps                   ;
; Truncate long hierarchy paths                                                                     ; Off                    ;
; Map illegal HDL characters                                                                        ; Off                    ;
; Flatten buses into individual nodes                                                               ; Off                    ;
; Maintain hierarchy                                                                                ; Off                    ;
; Bring out device-wide set/reset signals as ports                                                  ; Off                    ;
; Enable glitch filtering                                                                           ; Off                    ;
; Do not write top level VHDL entity                                                                ; Off                    ;
; Disable detection of setup and hold time violations in the input registers of bi-directional pins ; Off                    ;
; Architecture name in VHDL output netlist                                                          ; structure              ;
; Generate third-party EDA tool command script for RTL functional simulation                        ; Off                    ;
; Generate third-party EDA tool command script for gate-level simulation                            ; Off                    ;
+---------------------------------------------------------------------------------------------------+------------------------+


+-----------------------------------------------------------------------------------------+
; Simulation Generated Files                                                              ;
+-----------------------------------------------------------------------------------------+
; Generated Files                                                                         ;
+-----------------------------------------------------------------------------------------+
; F:/学习文件/大三上/EDA/weideng3/simulation/modelsim/weideng3_6_1200mv_85c_slow.vho      ;
; F:/学习文件/大三上/EDA/weideng3/simulation/modelsim/weideng3_6_1200mv_0c_slow.vho       ;
; F:/学习文件/大三上/EDA/weideng3/simulation/modelsim/weideng3_min_1200mv_0c_fast.vho     ;
; F:/学习文件/大三上/EDA/weideng3/simulation/modelsim/weideng3.vho                        ;
; F:/学习文件/大三上/EDA/weideng3/simulation/modelsim/weideng3_6_1200mv_85c_vhd_slow.sdo  ;
; F:/学习文件/大三上/EDA/weideng3/simulation/modelsim/weideng3_6_1200mv_0c_vhd_slow.sdo   ;
; F:/学习文件/大三上/EDA/weideng3/simulation/modelsim/weideng3_min_1200mv_0c_vhd_fast.sdo ;
; F:/学习文件/大三上/EDA/weideng3/simulation/modelsim/weideng3_vhd.sdo                    ;
+-----------------------------------------------------------------------------------------+


+-----------------------------+
; EDA Netlist Writer Messages ;
+-----------------------------+
Info: *******************************************************************
Info: Running Quartus II EDA Netlist Writer
    Info: Version 9.0 Build 132 02/25/2009 SJ Full Version
    Info: Processing started: Fri Oct 30 21:46:17 2020
Info: Command: quartus_eda --read_settings_files=off --write_settings_files=off weideng3 -c weideng3
Info: Generated file weideng3_6_1200mv_85c_slow.vho in folder "F:/学习文件/大三上/EDA/weideng3/simulation/modelsim/" for EDA simulation tool
Info: Generated file weideng3_6_1200mv_0c_slow.vho in folder "F:/学习文件/大三上/EDA/weideng3/simulation/modelsim/" for EDA simulation tool
Info: Generated file weideng3_min_1200mv_0c_fast.vho in folder "F:/学习文件/大三上/EDA/weideng3/simulation/modelsim/" for EDA simulation tool
Info: Generated file weideng3.vho in folder "F:/学习文件/大三上/EDA/weideng3/simulation/modelsim/" for EDA simulation tool
Info: Generated file weideng3_6_1200mv_85c_vhd_slow.sdo in folder "F:/学习文件/大三上/EDA/weideng3/simulation/modelsim/" for EDA simulation tool
Info: Generated file weideng3_6_1200mv_0c_vhd_slow.sdo in folder "F:/学习文件/大三上/EDA/weideng3/simulation/modelsim/" for EDA simulation tool
Info: Generated file weideng3_min_1200mv_0c_vhd_fast.sdo in folder "F:/学习文件/大三上/EDA/weideng3/simulation/modelsim/" for EDA simulation tool
Info: Generated file weideng3_vhd.sdo in folder "F:/学习文件/大三上/EDA/weideng3/simulation/modelsim/" for EDA simulation tool
Info: Quartus II EDA Netlist Writer was successful. 0 errors, 0 warnings
    Info: Peak virtual memory: 202 megabytes
    Info: Processing ended: Fri Oct 30 21:46:17 2020
    Info: Elapsed time: 00:00:00
    Info: Total CPU time (on all processors): 00:00:00


